  main.cpp
C:\Users\Артём\Documents\GitHub\study\numeric methods\4\4.2\include/matrix.cpp(26,9): warning C4101: t: неиспользованная локальная переменная
C:\Users\Артём\Documents\GitHub\study\numeric methods\4\4.2\include/matrix.cpp(61,22): warning C4244: =: преобразование "double" в "int", возможна потеря данных
C:\Users\Артём\Documents\GitHub\study\numeric methods\4\4.2\main.cpp(21,33): warning C4305: инициализация: усечение из "double" в "float"
C:\Users\Артём\Documents\GitHub\study\numeric methods\4\4.2\main.cpp(42,60): warning C4244: +=: преобразование "float" в "int", возможна потеря данных
C:\Users\Артём\Documents\GitHub\study\numeric methods\4\4.2\main.cpp(42,81): warning C4244: -=: преобразование "float" в "int", возможна потеря данных
C:\Users\Артём\Documents\GitHub\study\numeric methods\4\4.2\main.cpp(43,14): warning C4244: аргумент: преобразование "int" в "GLfloat", возможна потеря данных
C:\Users\Артём\Documents\GitHub\study\numeric methods\4\4.2\main.cpp(44,14): warning C4244: аргумент: преобразование "int" в "GLfloat", возможна потеря данных
C:\Users\Артём\Documents\GitHub\study\numeric methods\4\4.2\main.cpp(46,14): warning C4244: аргумент: преобразование "int" в "GLfloat", возможна потеря данных
C:\Users\Артём\Documents\GitHub\study\numeric methods\4\4.2\main.cpp(47,14): warning C4244: аргумент: преобразование "int" в "GLfloat", возможна потеря данных
C:\Users\Артём\Documents\GitHub\study\numeric methods\4\4.2\main.cpp(54,60): warning C4244: +=: преобразование "float" в "int", возможна потеря данных
C:\Users\Артём\Documents\GitHub\study\numeric methods\4\4.2\main.cpp(54,81): warning C4244: -=: преобразование "float" в "int", возможна потеря данных
C:\Users\Артём\Documents\GitHub\study\numeric methods\4\4.2\main.cpp(55,27): warning C4244: аргумент: преобразование "int" в "GLfloat", возможна потеря данных
C:\Users\Артём\Documents\GitHub\study\numeric methods\4\4.2\main.cpp(56,42): warning C4244: аргумент: преобразование "int" в "GLfloat", возможна потеря данных
C:\Users\Артём\Documents\GitHub\study\numeric methods\4\4.2\main.cpp(58,27): warning C4244: аргумент: преобразование "int" в "GLfloat", возможна потеря данных
C:\Users\Артём\Documents\GitHub\study\numeric methods\4\4.2\main.cpp(59,42): warning C4244: аргумент: преобразование "int" в "GLfloat", возможна потеря данных
C:\Users\Артём\Documents\GitHub\study\numeric methods\4\4.2\main.cpp(68,12): warning C4244: аргумент: преобразование "double" в "GLfloat", возможна потеря данных
C:\Users\Артём\Documents\GitHub\study\numeric methods\4\4.2\main.cpp(75,38): warning C4244: аргумент: преобразование "_Ty" в "GLfloat", возможна потеря данных
C:\Users\Артём\Documents\GitHub\study\numeric methods\4\4.2\main.cpp(75,38): warning C4244:         with
C:\Users\Артём\Documents\GitHub\study\numeric methods\4\4.2\main.cpp(75,38): warning C4244:         [
C:\Users\Артём\Documents\GitHub\study\numeric methods\4\4.2\main.cpp(75,38): warning C4244:             _Ty=double
C:\Users\Артём\Documents\GitHub\study\numeric methods\4\4.2\main.cpp(75,38): warning C4244:         ]
C:\Users\Артём\Documents\GitHub\study\numeric methods\4\4.2\main.cpp(75,20): warning C4244: аргумент: преобразование "_Ty" в "GLfloat", возможна потеря данных
C:\Users\Артём\Documents\GitHub\study\numeric methods\4\4.2\main.cpp(75,20): warning C4244:         with
C:\Users\Артём\Documents\GitHub\study\numeric methods\4\4.2\main.cpp(75,20): warning C4244:         [
C:\Users\Артём\Documents\GitHub\study\numeric methods\4\4.2\main.cpp(75,20): warning C4244:             _Ty=double
C:\Users\Артём\Documents\GitHub\study\numeric methods\4\4.2\main.cpp(75,20): warning C4244:         ]
C:\Users\Артём\Documents\GitHub\study\numeric methods\4\4.2\main.cpp(76,42): warning C4244: аргумент: преобразование "_Ty" в "GLfloat", возможна потеря данных
C:\Users\Артём\Documents\GitHub\study\numeric methods\4\4.2\main.cpp(76,42): warning C4244:         with
C:\Users\Артём\Documents\GitHub\study\numeric methods\4\4.2\main.cpp(76,42): warning C4244:         [
C:\Users\Артём\Documents\GitHub\study\numeric methods\4\4.2\main.cpp(76,42): warning C4244:             _Ty=double
C:\Users\Артём\Documents\GitHub\study\numeric methods\4\4.2\main.cpp(76,42): warning C4244:         ]
C:\Users\Артём\Documents\GitHub\study\numeric methods\4\4.2\main.cpp(76,20): warning C4244: аргумент: преобразование "_Ty" в "GLfloat", возможна потеря данных
C:\Users\Артём\Documents\GitHub\study\numeric methods\4\4.2\main.cpp(76,20): warning C4244:         with
C:\Users\Артём\Documents\GitHub\study\numeric methods\4\4.2\main.cpp(76,20): warning C4244:         [
C:\Users\Артём\Documents\GitHub\study\numeric methods\4\4.2\main.cpp(76,20): warning C4244:             _Ty=double
C:\Users\Артём\Documents\GitHub\study\numeric methods\4\4.2\main.cpp(76,20): warning C4244:         ]
C:\Users\Артём\Documents\GitHub\study\numeric methods\4\4.2\main.cpp(84,15): warning C4244: инициализация: преобразование "int" в "float", возможна потеря данных
C:\Users\Артём\Documents\GitHub\study\numeric methods\4\4.2\main.cpp(98,17): warning C4305: аргумент: усечение из "double" в "float"
C:\Users\Артём\Documents\GitHub\study\numeric methods\4\4.2\main.cpp(146,8): warning C4244: инициализация: преобразование "double" в "int", возможна потеря данных
C:\Users\Артём\Documents\GitHub\study\numeric methods\4\4.2\main.cpp(238,18): warning C4267: =: преобразование из "size_t" в "int"; возможна потеря данных
C:\Users\Артём\Documents\GitHub\study\numeric methods\4\4.2\main.cpp(259,37): warning C4267: аргумент: преобразование из "size_t" в "int"; возможна потеря данных
C:\Users\Артём\Documents\GitHub\study\numeric methods\4\4.2\main.cpp(282,13): warning C4244: инициализация: преобразование "double" в "int", возможна потеря данных
C:\Users\Артём\Documents\GitHub\study\numeric methods\4\4.2\main.cpp(282,35): warning C4244: +=: преобразование "double" в "int", возможна потеря данных
  main.vcxproj -> C:\Users\Артём\Documents\GitHub\study\numeric methods\4\4.2\build\Debug\main.exe
