  main.cpp
C:\Users\Артём\Documents\GitHub\study\numeric methods\4\4.1\include/matrix.cpp(26,9): warning C4101: t: неиспользованная локальная переменная
C:\Users\Артём\Documents\GitHub\study\numeric methods\4\4.1\include/matrix.cpp(61,22): warning C4244: =: преобразование "double" в "int", возможна потеря данных
C:\Users\Артём\Documents\GitHub\study\numeric methods\4\4.1\main.cpp(22,33): warning C4305: инициализация: усечение из "double" в "float"
C:\Users\Артём\Documents\GitHub\study\numeric methods\4\4.1\main.cpp(43,60): warning C4244: +=: преобразование "float" в "int", возможна потеря данных
C:\Users\Артём\Documents\GitHub\study\numeric methods\4\4.1\main.cpp(43,81): warning C4244: -=: преобразование "float" в "int", возможна потеря данных
C:\Users\Артём\Documents\GitHub\study\numeric methods\4\4.1\main.cpp(44,14): warning C4244: аргумент: преобразование "int" в "GLfloat", возможна потеря данных
C:\Users\Артём\Documents\GitHub\study\numeric methods\4\4.1\main.cpp(45,14): warning C4244: аргумент: преобразование "int" в "GLfloat", возможна потеря данных
C:\Users\Артём\Documents\GitHub\study\numeric methods\4\4.1\main.cpp(47,14): warning C4244: аргумент: преобразование "int" в "GLfloat", возможна потеря данных
C:\Users\Артём\Documents\GitHub\study\numeric methods\4\4.1\main.cpp(48,14): warning C4244: аргумент: преобразование "int" в "GLfloat", возможна потеря данных
C:\Users\Артём\Documents\GitHub\study\numeric methods\4\4.1\main.cpp(55,60): warning C4244: +=: преобразование "float" в "int", возможна потеря данных
C:\Users\Артём\Documents\GitHub\study\numeric methods\4\4.1\main.cpp(55,81): warning C4244: -=: преобразование "float" в "int", возможна потеря данных
C:\Users\Артём\Documents\GitHub\study\numeric methods\4\4.1\main.cpp(56,27): warning C4244: аргумент: преобразование "int" в "GLfloat", возможна потеря данных
C:\Users\Артём\Documents\GitHub\study\numeric methods\4\4.1\main.cpp(57,42): warning C4244: аргумент: преобразование "int" в "GLfloat", возможна потеря данных
C:\Users\Артём\Documents\GitHub\study\numeric methods\4\4.1\main.cpp(59,27): warning C4244: аргумент: преобразование "int" в "GLfloat", возможна потеря данных
C:\Users\Артём\Documents\GitHub\study\numeric methods\4\4.1\main.cpp(60,42): warning C4244: аргумент: преобразование "int" в "GLfloat", возможна потеря данных
C:\Users\Артём\Documents\GitHub\study\numeric methods\4\4.1\main.cpp(69,12): warning C4244: аргумент: преобразование "double" в "GLfloat", возможна потеря данных
C:\Users\Артём\Documents\GitHub\study\numeric methods\4\4.1\main.cpp(76,38): warning C4244: аргумент: преобразование "_Ty" в "GLfloat", возможна потеря данных
C:\Users\Артём\Documents\GitHub\study\numeric methods\4\4.1\main.cpp(76,38): warning C4244:         with
C:\Users\Артём\Documents\GitHub\study\numeric methods\4\4.1\main.cpp(76,38): warning C4244:         [
C:\Users\Артём\Documents\GitHub\study\numeric methods\4\4.1\main.cpp(76,38): warning C4244:             _Ty=double
C:\Users\Артём\Documents\GitHub\study\numeric methods\4\4.1\main.cpp(76,38): warning C4244:         ]
C:\Users\Артём\Documents\GitHub\study\numeric methods\4\4.1\main.cpp(76,20): warning C4244: аргумент: преобразование "_Ty" в "GLfloat", возможна потеря данных
C:\Users\Артём\Documents\GitHub\study\numeric methods\4\4.1\main.cpp(76,20): warning C4244:         with
C:\Users\Артём\Documents\GitHub\study\numeric methods\4\4.1\main.cpp(76,20): warning C4244:         [
C:\Users\Артём\Documents\GitHub\study\numeric methods\4\4.1\main.cpp(76,20): warning C4244:             _Ty=double
C:\Users\Артём\Documents\GitHub\study\numeric methods\4\4.1\main.cpp(76,20): warning C4244:         ]
C:\Users\Артём\Documents\GitHub\study\numeric methods\4\4.1\main.cpp(77,42): warning C4244: аргумент: преобразование "_Ty" в "GLfloat", возможна потеря данных
C:\Users\Артём\Documents\GitHub\study\numeric methods\4\4.1\main.cpp(77,42): warning C4244:         with
C:\Users\Артём\Documents\GitHub\study\numeric methods\4\4.1\main.cpp(77,42): warning C4244:         [
C:\Users\Артём\Documents\GitHub\study\numeric methods\4\4.1\main.cpp(77,42): warning C4244:             _Ty=double
C:\Users\Артём\Documents\GitHub\study\numeric methods\4\4.1\main.cpp(77,42): warning C4244:         ]
C:\Users\Артём\Documents\GitHub\study\numeric methods\4\4.1\main.cpp(77,20): warning C4244: аргумент: преобразование "_Ty" в "GLfloat", возможна потеря данных
C:\Users\Артём\Documents\GitHub\study\numeric methods\4\4.1\main.cpp(77,20): warning C4244:         with
C:\Users\Артём\Documents\GitHub\study\numeric methods\4\4.1\main.cpp(77,20): warning C4244:         [
C:\Users\Артём\Documents\GitHub\study\numeric methods\4\4.1\main.cpp(77,20): warning C4244:             _Ty=double
C:\Users\Артём\Documents\GitHub\study\numeric methods\4\4.1\main.cpp(77,20): warning C4244:         ]
C:\Users\Артём\Documents\GitHub\study\numeric methods\4\4.1\main.cpp(85,15): warning C4244: инициализация: преобразование "int" в "float", возможна потеря данных
C:\Users\Артём\Documents\GitHub\study\numeric methods\4\4.1\main.cpp(99,17): warning C4305: аргумент: усечение из "double" в "float"
C:\Users\Артём\Documents\GitHub\study\numeric methods\4\4.1\main.cpp(135,13): warning C4244: инициализация: преобразование "double" в "int", возможна потеря данных
C:\Users\Артём\Documents\GitHub\study\numeric methods\4\4.1\main.cpp(135,35): warning C4244: +=: преобразование "double" в "int", возможна потеря данных
C:\Users\Артём\Documents\GitHub\study\numeric methods\4\4.1\main.cpp(144,8): warning C4244: инициализация: преобразование "double" в "int", возможна потеря данных
C:\Users\Артём\Documents\GitHub\study\numeric methods\4\4.1\main.cpp(160,8): warning C4244: инициализация: преобразование "double" в "int", возможна потеря данных
C:\Users\Артём\Documents\GitHub\study\numeric methods\4\4.1\main.cpp(185,11): warning C4244: инициализация: преобразование "unsigned __int64" в "double", возможна потеря данных
  main.vcxproj -> C:\Users\Артём\Documents\GitHub\study\numeric methods\4\4.1\build\Debug\main.exe
